This is pdfTeX, Version 3.14159265-2.6-1.40.19 (MiKTeX 2.9.6840 64-bit) (preloaded format=pdflatex 2018.10.7)  21 OCT 2018 21:15
entering extended mode
**./tcc.tex
(tcc.tex
LaTeX2e <2018-04-01> patch level 5
(facom-ufu-abntex2.cls
Document Class: facom-ufu-abntex2 
("C:\Users\Igor\AppData\Local\Programs\MiKTeX 2.9\tex\latex\abntex2\abntex2.cls
"
Document Class: abntex2 2016/02/26 v-1.9.6 abnTeX2
("C:\Users\Igor\AppData\Local\Programs\MiKTeX 2.9\tex\latex\base\ifthen.sty"
Package: ifthen 2014/09/29 v1.1c Standard LaTeX ifthen package (DPC)
)
("C:\Users\Igor\AppData\Local\Programs\MiKTeX 2.9\tex\latex\memoir\memoir.cls"
Document Class: memoir 2018/04/04 v3.7g configurable book, report, article docu
ment class
\onelineskip=\skip41
\lxvchars=\skip42
\xlvchars=\skip43
\@memcnta=\count80
\c@@memmarkcntra=\count81

("C:\Users\Igor\AppData\Local\Programs\MiKTeX 2.9\tex\generic\oberdiek\ifpdf.st
y"
Package: ifpdf 2017/03/15 v3.2 Provides the ifpdf switch
)
("C:\Users\Igor\AppData\Local\Programs\MiKTeX 2.9\tex\latex\ifetex\ifetex.sty"
Package: ifetex 2018/03/31 v1.2a ifetex

("C:\Users\Igor\AppData\Local\Programs\MiKTeX 2.9\tex\plain\ifetex\ifetex.tex")
)
("C:\Users\Igor\AppData\Local\Programs\MiKTeX 2.9\tex\generic\ifxetex\ifxetex.s
ty"
Package: ifxetex 2010/09/12 v0.6 Provides ifxetex conditional
)
("C:\Users\Igor\AppData\Local\Programs\MiKTeX 2.9\tex\generic\oberdiek\ifluatex
.sty"
Package: ifluatex 2016/05/16 v1.4 Provides the ifluatex switch (HO)
Package ifluatex Info: LuaTeX not detected.
)
\stockheight=\skip44
\stockwidth=\skip45
\trimtop=\skip46
\trimedge=\skip47

("C:\Users\Igor\AppData\Local\Programs\MiKTeX 2.9\tex\latex\memoir\mem12.clo"
File: mem12.clo 2010/10/19 v0.4b memoir class 12pt size option
)
\binding=\skip48
\spinemargin=\skip49
\foremargin=\skip50
\uppermargin=\skip51
\lowermargin=\skip52
\headdrop=\skip53
\normalrulethickness=\skip54
\mem@maxheadheight=\skip55
\mem@maxfootheight=\skip56
\headwidth=\skip57
\c@storedpagenumber=\count82
\memPD=\dimen102
\m@mabparskip=\skip58
\thanksmarkwidth=\skip59
\thanksmarksep=\skip60
\droptitle=\skip61
\c@book=\count83
\c@part=\count84
\c@chapter=\count85
\c@section=\count86
\c@subsection=\count87
\c@subsubsection=\count88
\c@paragraph=\count89
\c@subparagraph=\count90
\beforechapskip=\skip62
\midchapskip=\skip63
\afterchapskip=\skip64
\chapindent=\skip65
\bottomsectionskip=\skip66
\secindent=\skip67
\beforesecskip=\skip68
\aftersecskip=\skip69
\subsecindent=\skip70
\beforesubsecskip=\skip71
\aftersubsecskip=\skip72
\subsubsecindent=\skip73
\beforesubsubsecskip=\skip74
\aftersubsubsecskip=\skip75
\paraindent=\skip76
\beforeparaskip=\skip77
\afterparaskip=\skip78
\subparaindent=\skip79
\beforesubparaskip=\skip80
\aftersubparaskip=\skip81
\pfbreakskip=\skip82
\c@@ppsavesec=\count91
\c@@ppsaveapp=\count92
\ragrparindent=\dimen103
\everylistparindent=\dimen104
\parsepi=\skip83
\topsepi=\skip84
\itemsepi=\skip85
\parsepii=\skip86
\topsepii=\skip87
\topsepiii=\skip88
\itemsepii=\skip89
\itemsepiii=\skip90
\partopsepii=\skip91
\partopsepiii=\skip92
\m@msavetopsep=\skip93
\m@msavepartopsep=\skip94
\@enLab=\toks14
\abstitleskip=\skip95
\absleftindent=\skip96
\abs@leftindent=\dimen105
\absrightindent=\skip97
\absparindent=\skip98
\absparsep=\skip99
\c@vslineno=\count93
\c@poemline=\count94
\c@modulo@vs=\count95
\c@memfvsline=\count96
\vleftskip=\skip100
\vrightskip=\skip101
\stanzaskip=\skip102
\versewidth=\skip103
\vgap=\skip104
\vindent=\skip105
\vleftmargin=\dimen106
\c@verse=\count97
\c@chrsinstr=\count98
\beforepoemtitleskip=\skip106
\afterpoemtitleskip=\skip107
\c@poem=\count99
\beforePoemTitleskip=\skip108
\midPoemTitleskip=\skip109
\afterPoemTitleskip=\skip110
\col@sep=\dimen107
\extrarowheight=\dimen108
\NC@list=\toks15
\extratabsurround=\skip111
\backup@length=\skip112
\TX@col@width=\dimen109
\TX@old@table=\dimen110
\TX@old@col=\dimen111
\TX@target=\dimen112
\TX@delta=\dimen113
\TX@cols=\count100
\TX@ftn=\toks16
\heavyrulewidth=\dimen114
\lightrulewidth=\dimen115
\cmidrulewidth=\dimen116
\belowrulesep=\dimen117
\belowbottomsep=\dimen118
\aboverulesep=\dimen119
\abovetopsep=\dimen120
\cmidrulesep=\dimen121
\cmidrulekern=\dimen122
\defaultaddspace=\dimen123
\@cmidla=\count101
\@cmidlb=\count102
\@aboverulesep=\dimen124
\@belowrulesep=\dimen125
\@thisruleclass=\count103
\@lastruleclass=\count104
\@thisrulewidth=\dimen126
\ctableftskip=\skip113
\ctabrightskip=\skip114
\abovecolumnspenalty=\count105
\@linestogo=\count106
\@cellstogo=\count107
\@cellsincolumn=\count108
\crtok=\toks17
\@mincolumnwidth=\dimen127
\c@newflo@tctr=\count109
\mem@margin@floatbox=\box26
\@contcwidth=\skip115
\@contindw=\skip116
\abovecaptionskip=\skip117
\belowcaptionskip=\skip118
\subfloattopskip=\skip119
\subfloatcapskip=\skip120
\subfloatcaptopadj=\skip121
\subfloatbottomskip=\skip122
\subfloatlabelskip=\skip123
\subfloatcapmargin=\dimen128
\c@@contsubnum=\count110
\m@mscap@capbox=\box27
\m@mscap@fbox=\box28
\sidecapsep=\dimen129
\sidecapwidth=\dimen130
\m@m@tempdima=\dimen131
\m@mscapraise=\dimen132
\sidecapraise=\dimen133
\m@mscapmainwidth=\dimen134
\m@mscaplkern=\dimen135
\beforeepigraphskip=\skip124
\afterepigraphskip=\skip125
\epigraphwidth=\skip126
\epigraphrule=\skip127
LaTeX Info: Redefining \em on input line 7578.
LaTeX Info: Redefining \emph on input line 7586.
\tocentryskip=\skip128
\tocbaseline=\skip129
\cftparskip=\skip130
\cftbeforebookskip=\skip131
\cftbookindent=\dimen136
\cftbooknumwidth=\dimen137
\cftbeforepartskip=\skip132
\cftpartindent=\skip133
\cftpartnumwidth=\skip134
\cftbeforechapterskip=\skip135
\cftchapterindent=\skip136
\cftchapternumwidth=\skip137
\cftbeforesectionskip=\skip138
\cftsectionindent=\skip139
\cftsectionnumwidth=\skip140
\cftbeforesubsectionskip=\skip141
\cftsubsectionindent=\skip142
\cftsubsectionnumwidth=\skip143
\cftbeforesubsubsectionskip=\skip144
\cftsubsubsectionindent=\skip145
\cftsubsubsectionnumwidth=\skip146
\cftbeforeparagraphskip=\skip147
\cftparagraphindent=\skip148
\cftparagraphnumwidth=\skip149
\cftbeforesubparagraphskip=\skip150
\cftsubparagraphindent=\skip151
\cftsubparagraphnumwidth=\skip152
\prechapterprecisshift=\dimen138
\c@maxsecnumdepth=\count111
\bibindent=\dimen139
\bibitemsep=\skip153
\indexcolsep=\skip154
\indexrule=\skip155
\indexmarkstyle=\toks18
\@indexbox=\insert199
\glossarycolsep=\dimen140
\glossaryrule=\dimen141
\sideparvshift=\skip156
\sideins=\insert198
\sidebartopsep=\skip157
\sidebarhsep=\skip158
\sidebarvsep=\skip159
\sidebarwidth=\skip160
\footmarkwidth=\skip161
\footmarksep=\skip162
\footparindent=\skip163
\footinsdim=\skip164
\footinsv@r=\insert197
\@mpfootinsv@r=\insert196
\m@m@k=\count112
\m@m@h=\dimen142
\m@mipn@skip=\skip165
\sidefootins=\insert195
\sidefootadjust=\skip166
\sidefootheight=\skip167
\sidefoothsep=\skip168
\sidefootvsep=\skip169
\sidefootwidth=\skip170
\m@mdownsf=\skip171
\c@sidefootnote=\count113
\sidefootmarkwidth=\skip172
\sidefootmarksep=\skip173
\sidefootparindent=\skip174
\c@pagenote=\count114
\c@pagenoteshadow=\count115
\mem@pn@lastkern=\skip175
\every@verbatim=\toks19
\afterevery@verbatim=\toks20
\verbatim@line=\toks21
\tab@position=\count116
\verbatim@in@stream=\read1
\verbatimindent=\skip176
\verbatim@out=\write3
\bvboxsep=\skip177
\c@memfbvline=\count117
\c@bvlinectr=\count118
\bvnumlength=\skip178
\fb@frw=\dimen143
\fb@frh=\dimen144
\FrameRule=\dimen145
\FrameSep=\dimen146
\c@cp@cntr=\count119
LaTeX Info: Redefining \: on input line 12100.
LaTeX Info: Redefining \! on input line 12102.
\c@ism@mctr=\count120
\c@xsm@mctr=\count121
\c@csm@mctr=\count122
\c@ksm@mctr=\count123
\c@xksm@mctr=\count124
\c@cksm@mctr=\count125
\c@msm@mctr=\count126
\c@xmsm@mctr=\count127
\c@cmsm@mctr=\count128
\c@bsm@mctr=\count129
\c@workm@mctr=\count130
\c@sheetsequence=\count131
\c@lastsheet=\count132
\c@lastpage=\count133
\c@figure=\count134
\c@lofdepth=\count135
\cftbeforefigureskip=\skip179
\cftfigureindent=\skip180
\cftfigurenumwidth=\skip181
\c@table=\count136
\c@lotdepth=\count137
\cftbeforetableskip=\skip182
\cfttableindent=\skip183
\cfttablenumwidth=\skip184
Package abstract [2008/07/23] emulated by memoir.
Package appendix [2008/07/23] emulated by memoir.
Package array [2016/10/06] emulated by memoir.
Package booktabs [2016/05/16] emulated by memoir.
Package ccaption [2008/07/23] emulated by memoir.
Package changepage [2008/07/23] emulated by memoir.
Package chngcntr [2008/07/23] emulated by memoir.
Package chngpage [2008/07/23] emulated by memoir.
Package crop emulated by memoir.
Package dcolumn [2008/07/23] emulated by memoir.
Package delarray [2014/10/28] emulated by memoir.
Package enumerate [2008/07/23] emulated by memoir.
Package epigraph [2008/07/23] emulated by memoir.
Package ifmtarg [2008/07/23] emulated by memoir.
Package index [2008/07/23] emulated by memoir.
Package makeidx [2008/07/23] emulated by memoir.
Package moreverb [2008/07/23] emulated by memoir.
Package mparhack [2008/07/23] emulated by memoir.
Package needspace [2008/07/23] emulated by memoir.
Package newfile [2008/07/23] emulated by memoir.
Package nextpage [2008/07/23] emulated by memoir.
Package pagenote [2008/07/23] emulated by memoir.
Package parskip [2008/07/23] emulated by memoir.
Package patchcmd [2008/07/23] emulated by memoir.
Package setspace [2008/07/23] emulated by memoir.
Package shortvrb [2008/07/23] emulated by memoir.
Package showidx [2008/07/23] emulated by memoir.
Package tabularx [2016/02/03] emulated by memoir.
Package titleref [2008/07/23] emulated by memoir.
Package titling [2008/07/23] emulated by memoir.
Package tocbibind [2008/07/23] emulated by memoir.
Package tocloft [2008/07/23] emulated by memoir.
Package tocvsec2 [2008/07/23] emulated by memoir.
Package verbatim [2008/07/23] emulated by memoir.
Package verse [2008/07/23] emulated by memoir.
)
("C:\Users\Igor\AppData\Local\Programs\MiKTeX 2.9\tex\latex\textcase\textcase.s
ty"
Package: textcase 2004/10/07 v0.07 Text only upper/lower case changing (DPC)
LaTeX Info: Redefining \MakeTextUppercase on input line 47.
LaTeX Info: Redefining \MakeTextLowercase on input line 50.
)
("C:\Users\Igor\AppData\Local\Programs\MiKTeX 2.9\tex\latex\hyperref\hyperref.s
ty"
Package: hyperref 2018/02/06 v6.86b Hypertext links for LaTeX

("C:\Users\Igor\AppData\Local\Programs\MiKTeX 2.9\tex\generic\oberdiek\hobsub-h
yperref.sty"
Package: hobsub-hyperref 2016/05/16 v1.14 Bundle oberdiek, subset hyperref (HO)


("C:\Users\Igor\AppData\Local\Programs\MiKTeX 2.9\tex\generic\oberdiek\hobsub-g
eneric.sty"
Package: hobsub-generic 2016/05/16 v1.14 Bundle oberdiek, subset generic (HO)
Package: hobsub 2016/05/16 v1.14 Construct package bundles (HO)
Package: infwarerr 2016/05/16 v1.4 Providing info/warning/error messages (HO)
Package: ltxcmds 2016/05/16 v1.23 LaTeX kernel commands for general use (HO)
Package hobsub Info: Skipping package `ifluatex' (already loaded).
Package: ifvtex 2016/05/16 v1.6 Detect VTeX and its facilities (HO)
Package ifvtex Info: VTeX not detected.
Package: intcalc 2016/05/16 v1.2 Expandable calculations with integers (HO)
Package hobsub Info: Skipping package `ifpdf' (already loaded).
Package: etexcmds 2016/05/16 v1.6 Avoid name clashes with e-TeX commands (HO)
Package etexcmds Info: Could not find \expanded.
(etexcmds)             That can mean that you are not using pdfTeX 1.50 or
(etexcmds)             that some package has redefined \expanded.
(etexcmds)             In the latter case, load this package earlier.
Package: kvsetkeys 2016/05/16 v1.17 Key value parser (HO)
Package: kvdefinekeys 2016/05/16 v1.4 Define keys (HO)
Package: pdftexcmds 2018/01/30 v0.27 Utility functions of pdfTeX for LuaTeX (HO
)
Package pdftexcmds Info: LuaTeX not detected.
Package pdftexcmds Info: \pdf@primitive is available.
Package pdftexcmds Info: \pdf@ifprimitive is available.
Package pdftexcmds Info: \pdfdraftmode found.
Package: pdfescape 2016/05/16 v1.14 Implements pdfTeX's escape features (HO)
Package: bigintcalc 2016/05/16 v1.4 Expandable calculations on big integers (HO
)
Package: bitset 2016/05/16 v1.2 Handle bit-vector datatype (HO)
Package: uniquecounter 2016/05/16 v1.3 Provide unlimited unique counter (HO)
)
Package hobsub Info: Skipping package `hobsub' (already loaded).
Package: letltxmacro 2016/05/16 v1.5 Let assignment for LaTeX macros (HO)
Package: hopatch 2016/05/16 v1.3 Wrapper for package hooks (HO)
Package: xcolor-patch 2016/05/16 xcolor patch
Package: atveryend 2016/05/16 v1.9 Hooks at the very end of document (HO)
Package atveryend Info: \enddocument detected (standard20110627).
Package: atbegshi 2016/06/09 v1.18 At begin shipout hook (HO)
Package: refcount 2016/05/16 v3.5 Data extraction from label references (HO)
Package: hycolor 2016/05/16 v1.8 Color options for hyperref/bookmark (HO)
)
("C:\Users\Igor\AppData\Local\Programs\MiKTeX 2.9\tex\latex\graphics\keyval.sty
"
Package: keyval 2014/10/28 v1.15 key=value parser (DPC)
\KV@toks@=\toks22
)
("C:\Users\Igor\AppData\Local\Programs\MiKTeX 2.9\tex\latex\oberdiek\auxhook.st
y"
Package: auxhook 2016/05/16 v1.4 Hooks for auxiliary files (HO)
)
("C:\Users\Igor\AppData\Local\Programs\MiKTeX 2.9\tex\latex\oberdiek\kvoptions.
sty"
Package: kvoptions 2016/05/16 v3.12 Key value format for package options (HO)
)
\@linkdim=\dimen147
\Hy@linkcounter=\count138
\Hy@pagecounter=\count139

("C:\Users\Igor\AppData\Local\Programs\MiKTeX 2.9\tex\latex\hyperref\pd1enc.def
"
File: pd1enc.def 2018/02/06 v6.86b Hyperref: PDFDocEncoding definition (HO)
Now handling font encoding PD1 ...
... no UTF-8 mapping file for font encoding PD1
)
\Hy@SavedSpaceFactor=\count140

("C:\Users\Igor\AppData\Local\Programs\MiKTeX 2.9\tex\latex\00miktex\hyperref.c
fg"
File: hyperref.cfg 2002/06/06 v1.2 hyperref configuration of TeXLive
)
Package hyperref Info: Hyper figures OFF on input line 4509.
Package hyperref Info: Link nesting OFF on input line 4514.
Package hyperref Info: Hyper index ON on input line 4517.
Package hyperref Info: Plain pages OFF on input line 4524.
Package hyperref Info: Backreferencing OFF on input line 4529.
Package hyperref Info: Implicit mode ON; LaTeX internals redefined.
Package hyperref Info: Bookmarks ON on input line 4762.
\c@Hy@tempcnt=\count141
 ("C:\Users\Igor\AppData\Local\Programs\MiKTeX 2.9\tex\latex\url\url.sty"
\Urlmuskip=\muskip10
Package: url 2013/09/16  ver 3.4  Verb mode for urls, etc.
)
LaTeX Info: Redefining \url on input line 5115.
\XeTeXLinkMargin=\dimen148
\Fld@menulength=\count142
\Field@Width=\dimen149
\Fld@charsize=\dimen150
Package hyperref Info: Hyper figures OFF on input line 6369.
Package hyperref Info: Link nesting OFF on input line 6374.
Package hyperref Info: Hyper index ON on input line 6377.
Package hyperref Info: backreferencing OFF on input line 6384.
Package hyperref Info: Link coloring OFF on input line 6389.
Package hyperref Info: Link coloring with OCG OFF on input line 6394.
Package hyperref Info: PDF/A mode OFF on input line 6399.
LaTeX Info: Redefining \ref on input line 6439.
LaTeX Info: Redefining \pageref on input line 6443.
\Hy@abspage=\count143
\c@Item=\count144
\c@Hfootnote=\count145
) ("C:\Users\Igor\AppData\Local\Programs\MiKTeX 2.9\tex\latex\memoir\memhfixc.s
ty"
Package: memhfixc 2013/05/30 v1.17 nameref/hyperref package fixes for memoir cl
ass
\c@memhycontfloat=\count146
\c@Hpagenote=\count147
)
Package hyperref Info: Driver (autodetected): hpdftex.

("C:\Users\Igor\AppData\Local\Programs\MiKTeX 2.9\tex\latex\hyperref\hpdftex.de
f"
File: hpdftex.def 2018/02/06 v6.86b Hyperref driver for pdfTeX
\Fld@listcount=\count148
\c@bookmark@seq@number=\count149

("C:\Users\Igor\AppData\Local\Programs\MiKTeX 2.9\tex\latex\oberdiek\rerunfilec
heck.sty"
Package: rerunfilecheck 2016/05/16 v1.8 Rerun checks for auxiliary files (HO)
Package uniquecounter Info: New unique counter `rerunfilecheck' on input line 2
82.
)
\Hy@SectionHShift=\skip185
)
("C:\Users\Igor\AppData\Local\Programs\MiKTeX 2.9\tex\latex\oberdiek\bookmark.s
ty"
Package: bookmark 2016/05/17 v1.26 PDF bookmarks (HO)

("C:\Users\Igor\AppData\Local\Programs\MiKTeX 2.9\tex\latex\oberdiek\bkm-pdftex
.def"
File: bkm-pdftex.def 2016/05/17 v1.26 bookmark driver for pdfTeX (HO)
\BKM@id=\count150
))
("C:\Users\Igor\AppData\Local\Programs\MiKTeX 2.9\tex\generic\babel\babel.sty"
Package: babel 2018/06/05 3.22 The Babel package

("C:\Users\Igor\AppData\Local\Programs\MiKTeX 2.9\tex\generic\babel\switch.def"
File: switch.def 2018/06/05 3.22 Babel switching mechanism
)
*************************************
* Local config file bblopts.cfg used
*
("C:\Users\Igor\AppData\Local\Programs\MiKTeX 2.9\tex\latex\arabi\bblopts.cfg"
File: bblopts.cfg 2005/09/08 v0.1 add Arabic and Farsi to "declared" options of
 babel
)
("C:\Users\Igor\AppData\Local\Programs\MiKTeX 2.9\tex\latex\babel-portuges\port
uges.ldf"
Language: portuges 2008/03/18 v1.2q Portuguese support from the babel system

("C:\Users\Igor\AppData\Local\Programs\MiKTeX 2.9\tex\generic\babel\babel.def"
File: babel.def 2018/06/05 3.22 Babel common definitions
\babel@savecnt=\count151
\U@D=\dimen151

("C:\Users\Igor\AppData\Local\Programs\MiKTeX 2.9\tex\generic\babel\txtbabel.de
f")
\bbl@dirlevel=\count152
)
\l@brazil = a dialect from \language\l@portuges 
Package babel Info: Making " an active character on input line 145.
))
("C:\Users\Igor\AppData\Local\Programs\MiKTeX 2.9\tex\latex\enumitem\enumitem.s
ty"
Package: enumitem 2011/09/28 v3.5.2 Customized lists
\labelindent=\skip186
\enit@outerparindent=\dimen152
\enit@toks=\toks23
\enit@inbox=\box29
\enitdp@description=\count153
) ("C:\Users\Igor\AppData\Local\Programs\MiKTeX 2.9\tex\latex\tools\calc.sty"
Package: calc 2017/05/25 v4.3 Infix arithmetic (KKT,FJ)
\calc@Acount=\count154
\calc@Bcount=\count155
\calc@Adimen=\dimen153
\calc@Bdimen=\dimen154
\calc@Askip=\skip187
\calc@Bskip=\skip188
LaTeX Info: Redefining \setlength on input line 80.
LaTeX Info: Redefining \addtolength on input line 81.
\calc@Ccount=\count156
\calc@Cskip=\skip189
)

******************************************************
Stock height and width: 845.04684pt by 597.50787pt
Top and edge trims: 0pt and 0pt
Page height and width: 845.04684pt by 597.50787pt
Text height and width: 708pt by 455pt
Spine and edge margins: 85.35826pt and 56.9055pt
Upper and lower margins: 85.35826pt and 51.68858pt
Headheight and headsep: 14.5pt and 19.8738pt
Footskip: 30pt
Columnsep and columnseprule: 10pt and 0pt
Marginparsep and marginparwidth: 7pt and 42.9055pt
Sidecapsep and sidecapwidth: 7pt and 42pt
Sidebarhsep and sidebarwidth: 7pt and 42pt
Sidebarvsep and sidebartopsep: 14.5pt and 0pt
Sidebarheight: 590.14995pt
Sidefoothsep and sidefootwidth: 7pt and 42pt
Sidefootvsep and sidefootheight: 14.5pt and 590.14995pt
******************************************************

\c@abntex@bookmarkcounter=\count157
\cftlastnumwidth=\skip190
\chapternamenumlength=\skip191
\ABNTEXcitacaorecuo=\skip192
\c@alineasi=\count158
\c@alineasii=\count159
\enitdp@alineas=\count160
\c@subalineasi=\count161
\enitdp@subalineas=\count162
\c@incisosi=\count163
\enitdp@incisos=\count164
\ABNTEXsignwidth=\skip193
\ABNTEXsignthickness=\skip194
\ABNTEXsignskip=\skip256
) ("C:\Users\Igor\AppData\Local\Programs\MiKTeX 2.9\tex\latex\cmap\cmap.sty"
Package: cmap 2008/03/06 v1.0h CMap support: searchable PDF
)
("C:\Users\Igor\AppData\Local\Programs\MiKTeX 2.9\tex\latex\lm\lmodern.sty"
Package: lmodern 2009/10/30 v1.6 Latin Modern Fonts
LaTeX Font Info:    Overwriting symbol font `operators' in version `normal'
(Font)                  OT1/cmr/m/n --> OT1/lmr/m/n on input line 22.
LaTeX Font Info:    Overwriting symbol font `letters' in version `normal'
(Font)                  OML/cmm/m/it --> OML/lmm/m/it on input line 23.
LaTeX Font Info:    Overwriting symbol font `symbols' in version `normal'
(Font)                  OMS/cmsy/m/n --> OMS/lmsy/m/n on input line 24.
LaTeX Font Info:    Overwriting symbol font `largesymbols' in version `normal'
(Font)                  OMX/cmex/m/n --> OMX/lmex/m/n on input line 25.
LaTeX Font Info:    Overwriting symbol font `operators' in version `bold'
(Font)                  OT1/cmr/bx/n --> OT1/lmr/bx/n on input line 26.
LaTeX Font Info:    Overwriting symbol font `letters' in version `bold'
(Font)                  OML/cmm/b/it --> OML/lmm/b/it on input line 27.
LaTeX Font Info:    Overwriting symbol font `symbols' in version `bold'
(Font)                  OMS/cmsy/b/n --> OMS/lmsy/b/n on input line 28.
LaTeX Font Info:    Overwriting symbol font `largesymbols' in version `bold'
(Font)                  OMX/cmex/m/n --> OMX/lmex/m/n on input line 29.
LaTeX Font Info:    Overwriting math alphabet `\mathbf' in version `normal'
(Font)                  OT1/cmr/bx/n --> OT1/lmr/bx/n on input line 31.
LaTeX Font Info:    Overwriting math alphabet `\mathsf' in version `normal'
(Font)                  OT1/cmss/m/n --> OT1/lmss/m/n on input line 32.
LaTeX Font Info:    Overwriting math alphabet `\mathit' in version `normal'
(Font)                  OT1/cmr/m/it --> OT1/lmr/m/it on input line 33.
LaTeX Font Info:    Overwriting math alphabet `\mathtt' in version `normal'
(Font)                  OT1/cmtt/m/n --> OT1/lmtt/m/n on input line 34.
LaTeX Font Info:    Overwriting math alphabet `\mathbf' in version `bold'
(Font)                  OT1/cmr/bx/n --> OT1/lmr/bx/n on input line 35.
LaTeX Font Info:    Overwriting math alphabet `\mathsf' in version `bold'
(Font)                  OT1/cmss/bx/n --> OT1/lmss/bx/n on input line 36.
LaTeX Font Info:    Overwriting math alphabet `\mathit' in version `bold'
(Font)                  OT1/cmr/bx/it --> OT1/lmr/bx/it on input line 37.
LaTeX Font Info:    Overwriting math alphabet `\mathtt' in version `bold'
(Font)                  OT1/cmtt/m/n --> OT1/lmtt/m/n on input line 38.
)
("C:\Users\Igor\AppData\Local\Programs\MiKTeX 2.9\tex\latex\base\fontenc.sty"
Package: fontenc 2017/04/05 v2.0i Standard LaTeX package

("C:\Users\Igor\AppData\Local\Programs\MiKTeX 2.9\tex\latex\base\t1enc.def"
File: t1enc.def 2017/04/05 v2.0i Standard LaTeX file
LaTeX Font Info:    Redeclaring font encoding T1 on input line 48.
)<<t1.cmap>>)
("C:\Users\Igor\AppData\Local\Programs\MiKTeX 2.9\tex\latex\base\inputenc.sty"
Package: inputenc 2018/04/06 v1.3b Input encoding file
\inpenc@prehook=\toks24
\inpenc@posthook=\toks25
)
("C:\Users\Igor\AppData\Local\Programs\MiKTeX 2.9\tex\latex\lastpage\lastpage.s
ty"
Package: lastpage 2015/03/29 v1.2m Refers to last page's name (HMM; JPG)
)
("C:\Users\Igor\AppData\Local\Programs\MiKTeX 2.9\tex\latex\tools\indentfirst.s
ty"
Package: indentfirst 1995/11/23 v1.03 Indent first paragraph (DPC)
)
("C:\Users\Igor\AppData\Local\Programs\MiKTeX 2.9\tex\latex\graphics\color.sty"
Package: color 2016/07/10 v1.1e Standard LaTeX Color (DPC)

("C:\Users\Igor\AppData\Local\Programs\MiKTeX 2.9\tex\latex\graphics-cfg\color.
cfg"
File: color.cfg 2016/01/02 v1.6 sample color configuration
)
Package color Info: Driver file: pdftex.def on input line 147.

("C:\Users\Igor\AppData\Local\Programs\MiKTeX 2.9\tex\latex\graphics-def\pdftex
.def"
File: pdftex.def 2018/01/08 v1.0l Graphics/color driver for pdftex
))
("C:\Users\Igor\AppData\Local\Programs\MiKTeX 2.9\tex\latex\graphics\graphicx.s
ty"
Package: graphicx 2017/06/01 v1.1a Enhanced LaTeX Graphics (DPC,SPQR)

("C:\Users\Igor\AppData\Local\Programs\MiKTeX 2.9\tex\latex\graphics\graphics.s
ty"
Package: graphics 2017/06/25 v1.2c Standard LaTeX Graphics (DPC,SPQR)

("C:\Users\Igor\AppData\Local\Programs\MiKTeX 2.9\tex\latex\graphics\trig.sty"
Package: trig 2016/01/03 v1.10 sin cos tan (DPC)
)
("C:\Users\Igor\AppData\Local\Programs\MiKTeX 2.9\tex\latex\graphics-cfg\graphi
cs.cfg"
File: graphics.cfg 2016/06/04 v1.11 sample graphics configuration
)
Package graphics Info: Driver file: pdftex.def on input line 99.
)
\Gin@req@height=\dimen155
\Gin@req@width=\dimen156
)
("C:\Users\Igor\AppData\Local\Programs\MiKTeX 2.9\tex\latex\amsmath\amsmath.sty
"
Package: amsmath 2017/09/02 v2.17a AMS math features
\@mathmargin=\skip257

For additional information on amsmath, use the `?' option.
("C:\Users\Igor\AppData\Local\Programs\MiKTeX 2.9\tex\latex\amsmath\amstext.sty
"
Package: amstext 2000/06/29 v2.01 AMS text
 ("C:\Users\Igor\AppData\Local\Programs\MiKTeX 2.9\tex\latex\amsmath\amsgen.sty
"
File: amsgen.sty 1999/11/30 v2.0 generic functions
\@emptytoks=\toks26
\ex@=\dimen157
))
("C:\Users\Igor\AppData\Local\Programs\MiKTeX 2.9\tex\latex\amsmath\amsbsy.sty"
Package: amsbsy 1999/11/29 v1.2d Bold Symbols
\pmbraise@=\dimen158
) ("C:\Users\Igor\AppData\Local\Programs\MiKTeX 2.9\tex\latex\amsmath\amsopn.st
y"
Package: amsopn 2016/03/08 v2.02 operator names
)
\inf@bad=\count165
LaTeX Info: Redefining \frac on input line 213.
\uproot@=\count166
\leftroot@=\count167
LaTeX Info: Redefining \overline on input line 375.
\classnum@=\count168
\DOTSCASE@=\count169
LaTeX Info: Redefining \ldots on input line 472.
LaTeX Info: Redefining \dots on input line 475.
LaTeX Info: Redefining \cdots on input line 596.
\Mathstrutbox@=\box30
\strutbox@=\box31
\big@size=\dimen159
LaTeX Font Info:    Redeclaring font encoding OML on input line 712.
LaTeX Font Info:    Redeclaring font encoding OMS on input line 713.
\macc@depth=\count170
\c@MaxMatrixCols=\count171
\dotsspace@=\muskip11
\c@parentequation=\count172
\dspbrk@lvl=\count173
\tag@help=\toks27
\row@=\count174
\column@=\count175
\maxfields@=\count176
\andhelp@=\toks28
\eqnshift@=\dimen160
\alignsep@=\dimen161
\tagshift@=\dimen162
\tagwidth@=\dimen163
\totwidth@=\dimen164
\lineht@=\dimen165
\@envbody=\toks29
\multlinegap=\skip258
\multlinetaggap=\skip259
\mathdisplay@stack=\toks30
LaTeX Info: Redefining \[ on input line 2817.
LaTeX Info: Redefining \] on input line 2818.
)
("C:\Users\Igor\AppData\Local\Programs\MiKTeX 2.9\tex\latex\commath\commath.sty
") ("C:\Users\Igor\AppData\Local\Programs\MiKTeX 2.9\tex\latex\base\alltt.sty"
Package: alltt 1997/06/16 v2.0g defines alltt environment
)
("C:\Users\Igor\AppData\Local\Programs\MiKTeX 2.9\tex\latex\amsfonts\amssymb.st
y"
Package: amssymb 2013/01/14 v3.01 AMS font symbols

("C:\Users\Igor\AppData\Local\Programs\MiKTeX 2.9\tex\latex\amsfonts\amsfonts.s
ty"
Package: amsfonts 2013/01/14 v3.01 Basic AMSFonts support
\symAMSa=\mathgroup4
\symAMSb=\mathgroup5
LaTeX Font Info:    Overwriting math alphabet `\mathfrak' in version `bold'
(Font)                  U/euf/m/n --> U/euf/b/n on input line 106.
))
("C:\Users\Igor\AppData\Local\Programs\MiKTeX 2.9\tex\latex\mathtools\mathtools
.sty"
Package: mathtools 2018/01/08 v1.21 mathematical typesetting tools

("C:\Users\Igor\AppData\Local\Programs\MiKTeX 2.9\tex\latex\mathtools\mhsetup.s
ty"
Package: mhsetup 2017/03/31 v1.3 programming setup (MH)
)
LaTeX Info: Thecontrolsequence`\('isalreadyrobust on input line 129.
LaTeX Info: Thecontrolsequence`\)'isalreadyrobust on input line 129.
LaTeX Info: Thecontrolsequence`\['isalreadyrobust on input line 129.
LaTeX Info: Thecontrolsequence`\]'isalreadyrobust on input line 129.
\g_MT_multlinerow_int=\count177
\l_MT_multwidth_dim=\dimen166
\origjot=\skip260
\l_MT_shortvdotswithinadjustabove_dim=\dimen167
\l_MT_shortvdotswithinadjustbelow_dim=\dimen168
\l_MT_above_intertext_sep=\dimen169
\l_MT_below_intertext_sep=\dimen170
\l_MT_above_shortintertext_sep=\dimen171
\l_MT_below_shortintertext_sep=\dimen172
)
("C:\Users\Igor\AppData\Local\Programs\MiKTeX 2.9\tex\latex\breqn\mathstyle.sty
"
Package: mathstyle 2017/01/27 0.98e Tracking mathstyle implicitly
LaTeX Info: Redefining \displaystyle on input line 93.
LaTeX Info: Redefining \textstyle on input line 95.
LaTeX Info: Redefining \scriptstyle on input line 97.
LaTeX Info: Redefining \scriptscriptstyle on input line 99.
LaTeX Info: Redefining \genfrac on input line 145.
)
("C:\Users\Igor\AppData\Local\Programs\MiKTeX 2.9\tex\latex\fancyhdr\fancyhdr.s
ty"
Package: fancyhdr 2017/06/30 v3.9a Extensive control of page headers and footer
s
\f@nch@headwidth=\skip261
\f@nch@O@elh=\skip262
\f@nch@O@erh=\skip263
\f@nch@O@olh=\skip264
\f@nch@O@orh=\skip265
\f@nch@O@elf=\skip266
\f@nch@O@erf=\skip267
\f@nch@O@olf=\skip268
\f@nch@O@orf=\skip269
) ("C:\Users\Igor\AppData\Local\Programs\MiKTeX 2.9\tex\latex\float\float.sty"
Package: float 2001/11/08 v1.3d Float enhancements (AL)
\c@float@type=\count178
\float@exts=\toks31
\float@box=\box32
\@float@everytoks=\toks32
\@floatcapt=\box33
)
("C:\Users\Igor\AppData\Local\Programs\MiKTeX 2.9\tex\latex\xcolor\xcolor.sty"
Package: xcolor 2016/05/11 v2.12 LaTeX color extensions (UK)

("C:\Users\Igor\AppData\Local\Programs\MiKTeX 2.9\tex\latex\graphics-cfg\color.
cfg"
File: color.cfg 2016/01/02 v1.6 sample color configuration
)
Package xcolor Info: Driver file: pdftex.def on input line 225.
LaTeX Info: Redefining \color on input line 709.
Package xcolor Info: Model `cmy' substituted by `cmy0' on input line 1348.
Package xcolor Info: Model `hsb' substituted by `rgb' on input line 1352.
Package xcolor Info: Model `RGB' extended on input line 1364.
Package xcolor Info: Model `HTML' substituted by `rgb' on input line 1366.
Package xcolor Info: Model `Hsb' substituted by `hsb' on input line 1367.
Package xcolor Info: Model `tHsb' substituted by `hsb' on input line 1368.
Package xcolor Info: Model `HSB' substituted by `hsb' on input line 1369.
Package xcolor Info: Model `Gray' substituted by `gray' on input line 1370.
Package xcolor Info: Model `wave' substituted by `hsb' on input line 1371.
)
("C:\Users\Igor\AppData\Local\Programs\MiKTeX 2.9\tex\latex\lipsum\lipsum.sty"
Package: lipsum 2014/07/27 v1.3 150 paragraphs of Lorem Ipsum dummy text
\c@lips@count=\count179
)
("C:\Users\Igor\AppData\Local\Programs\MiKTeX 2.9\tex\latex\blindtext\blindtext
.sty"
Package: blindtext 2012/01/06 V2.0 blindtext-Package

("C:\Users\Igor\AppData\Local\Programs\MiKTeX 2.9\tex\latex\tools\xspace.sty"
Package: xspace 2014/10/28 v1.13 Space after command names (DPC,MH)
)
\c@blindtext=\count180
\c@Blindtext=\count181
\c@blind@countparstart=\count182
\blind@countxx=\count183
\blindtext@numBlindtext=\count184
\blind@countyy=\count185
\c@blindlist=\count186
\c@blindlistlevel=\count187
\c@blindlist@level=\count188
\blind@listitem=\count189
\c@blind@listcount=\count190
\c@blind@levelcount=\count191
\blind@mathformula=\count192
\blind@Mathformula=\count193
\c@blind@randomcount=\count194
\c@blind@randommax=\count266
\c@blind@pangramcount=\count267
\c@blind@pangrammax=\count268
)
("C:\Users\Igor\AppData\Local\Programs\MiKTeX 2.9\tex\latex\hyperref\backref.st
y"
Package: backref 2016/05/21 v1.39 Bibliographical back referencing
)
("C:\Users\Igor\AppData\Local\Programs\MiKTeX 2.9\tex\latex\abntex2\abntex2cite
.sty"
Package: abntex2cite 2016/02/26 v-1.9.6 abnTeX2

("C:\Users\Igor\AppData\Local\Programs\MiKTeX 2.9\tex\latex\abntex2\abntex2abre
v.sty")
\minimumbiblabelwidth=\skip270
\ABCIauxlen=\skip271
\c@ABCIaux=\count269
\c@ABCImax=\count270

("C:\Users\Igor\AppData\Local\Programs\MiKTeX 2.9\tex\latex\relsize\relsize.sty
"
Package: relsize 2013/03/29 ver 4.1
)
\biblabelsep=\skip272
LaTeX Info: Redefining \newblock on input line 591.
LaTeX Info: Redefining \cite on input line 618.
\ABCItoken=\toks33
)
("C:\Users\Igor\AppData\Local\Programs\MiKTeX 2.9\tex\latex\listings\listings.s
ty"
\lst@mode=\count271
\lst@gtempboxa=\box34
\lst@token=\toks34
\lst@length=\count272
\lst@currlwidth=\dimen173
\lst@column=\count273
\lst@pos=\count274
\lst@lostspace=\dimen174
\lst@width=\dimen175
\lst@newlines=\count275
\lst@lineno=\count276
\lst@maxwidth=\dimen176

("C:\Users\Igor\AppData\Local\Programs\MiKTeX 2.9\tex\latex\listings\lstmisc.st
y"
File: lstmisc.sty 2018/09/02 1.7 (Carsten Heinz)
\c@lstnumber=\count277
\lst@skipnumbers=\count278
\lst@framebox=\box35
)
("C:\Users\Igor\AppData\Local\Programs\MiKTeX 2.9\tex\latex\listings\listings.c
fg"
File: listings.cfg 2018/09/02 1.7 listings configuration
))
Package: listings 2018/09/02 1.7 (Carsten Heinz)

("C:\Users\Igor\AppData\Local\Programs\MiKTeX 2.9\tex\latex\listings\lstlang1.s
ty"
File: lstlang1.sty 2018/09/02 1.7 listings language file
)
Package hyperref Info: Option `colorlinks' set `true' on input line 225.
)
\tcc@idxfile=\write4
\openout4 = `tcc.idx'.


Writing index file tcc.idx 
(tcc.aux)
\openout1 = `tcc.aux'.

LaTeX Font Info:    Checking defaults for OML/cmm/m/it on input line 17.
LaTeX Font Info:    ... okay on input line 17.
LaTeX Font Info:    Checking defaults for T1/cmr/m/n on input line 17.
LaTeX Font Info:    ... okay on input line 17.
LaTeX Font Info:    Checking defaults for OT1/cmr/m/n on input line 17.
LaTeX Font Info:    ... okay on input line 17.
LaTeX Font Info:    Checking defaults for OMS/cmsy/m/n on input line 17.
LaTeX Font Info:    ... okay on input line 17.
LaTeX Font Info:    Checking defaults for OMX/cmex/m/n on input line 17.
LaTeX Font Info:    ... okay on input line 17.
LaTeX Font Info:    Checking defaults for U/cmr/m/n on input line 17.
LaTeX Font Info:    ... okay on input line 17.
LaTeX Font Info:    Checking defaults for PD1/pdf/m/n on input line 17.
LaTeX Font Info:    ... okay on input line 17.
LaTeX Font Info:    Try loading font information for T1+lmr on input line 17.

("C:\Users\Igor\AppData\Local\Programs\MiKTeX 2.9\tex\latex\lm\t1lmr.fd"
File: t1lmr.fd 2009/10/30 v1.6 Font defs for Latin Modern
)
\AtBeginShipoutBox=\box36
Package hyperref Info: Link coloring ON on input line 17.

("C:\Users\Igor\AppData\Local\Programs\MiKTeX 2.9\tex\latex\hyperref\nameref.st
y"
Package: nameref 2016/05/21 v2.44 Cross-referencing by name of section

("C:\Users\Igor\AppData\Local\Programs\MiKTeX 2.9\tex\generic\oberdiek\gettitle
string.sty"
Package: gettitlestring 2016/05/16 v1.5 Cleanup title references (HO)
)
\c@section@level=\count279
)
Redoing nameref's sectioning
Redoing nameref's label
LaTeX Info: Redefining \nameref on input line 17.
LaTeX Info: Redefining \ref on input line 17.
LaTeX Info: Redefining \pageref on input line 17.
LaTeX Info: Redefining \nameref on input line 17.
\myptabbox=\box37
\myptabboxwidth=\skip273
Package lastpage Info: Please have a look at the pageslts package at
(lastpage)             https://www.ctan.org/pkg/pageslts
(lastpage)             ! on input line 17.

("C:\Users\Igor\AppData\Local\Programs\MiKTeX 2.9\tex\context\base\supp-pdf.mki
i"
[Loading MPS to PDF converter (version 2006.09.02).]
\scratchcounter=\count280
\scratchdimen=\dimen177
\scratchbox=\box38
\nofMPsegments=\count281
\nofMParguments=\count282
\everyMPshowfont=\toks35
\MPscratchCnt=\count283
\MPscratchDim=\dimen178
\MPnumerator=\count284
\makeMPintoPDFobject=\count285
\everyMPtoPDFconversion=\toks36
)
("C:\Users\Igor\AppData\Local\Programs\MiKTeX 2.9\tex\latex\oberdiek\epstopdf-b
ase.sty"
Package: epstopdf-base 2016/05/15 v2.6 Base part for package epstopdf

("C:\Users\Igor\AppData\Local\Programs\MiKTeX 2.9\tex\latex\oberdiek\grfext.sty
"
Package: grfext 2016/05/16 v1.2 Manage graphics extensions (HO)
)
Package epstopdf-base Info: Redefining graphics rule for `.eps' on input line 4
38.
Package grfext Info: Graphics extension search list:
(grfext)             [.pdf,.png,.jpg,.mps,.jpeg,.jbig2,.jb2,.PDF,.PNG,.JPG,.JPE
G,.JBIG2,.JB2,.eps]
(grfext)             \AppendGraphicsExtensions on input line 456.
)
\c@lstlisting=\count286
LaTeX Font Info:    Try loading font information for T1+lmss on input line 26.
 ("C:\Users\Igor\AppData\Local\Programs\MiKTeX 2.9\tex\latex\lm\t1lmss.fd"
File: t1lmss.fd 2009/10/30 v1.6 Font defs for Latin Modern
)
[1

{C:/Users/Igor/AppData/Local/MiKTeX/2.9/pdftex/config/pdftex.map}]
LaTeX Font Info:    Try loading font information for OT1+lmr on input line 40.

("C:\Users\Igor\AppData\Local\Programs\MiKTeX 2.9\tex\latex\lm\ot1lmr.fd"
File: ot1lmr.fd 2009/10/30 v1.6 Font defs for Latin Modern
)<<ot1.cmap>>
LaTeX Font Info:    Try loading font information for OML+lmm on input line 40.
 ("C:\Users\Igor\AppData\Local\Programs\MiKTeX 2.9\tex\latex\lm\omllmm.fd"
File: omllmm.fd 2009/10/30 v1.6 Font defs for Latin Modern
)<<oml.cmap>>
LaTeX Font Info:    Try loading font information for OMS+lmsy on input line 40.


("C:\Users\Igor\AppData\Local\Programs\MiKTeX 2.9\tex\latex\lm\omslmsy.fd"
File: omslmsy.fd 2009/10/30 v1.6 Font defs for Latin Modern
)<<oms.cmap>>
LaTeX Font Info:    Try loading font information for OMX+lmex on input line 40.


("C:\Users\Igor\AppData\Local\Programs\MiKTeX 2.9\tex\latex\lm\omxlmex.fd"
File: omxlmex.fd 2009/10/30 v1.6 Font defs for Latin Modern
)
LaTeX Font Info:    External font `lmex10' loaded for size
(Font)              <12> on input line 40.
<<omx.cmap>>
LaTeX Font Info:    External font `lmex10' loaded for size
(Font)              <8> on input line 40.
LaTeX Font Info:    External font `lmex10' loaded for size
(Font)              <6> on input line 40.
LaTeX Font Info:    Try loading font information for U+msa on input line 40.

("C:\Users\Igor\AppData\Local\Programs\MiKTeX 2.9\tex\latex\amsfonts\umsa.fd"
File: umsa.fd 2013/01/14 v3.01 AMS symbols A
)
LaTeX Font Info:    Try loading font information for U+msb on input line 40.

("C:\Users\Igor\AppData\Local\Programs\MiKTeX 2.9\tex\latex\amsfonts\umsb.fd"
File: umsb.fd 2013/01/14 v3.01 AMS symbols B
)pdfTeX warning (ext4): destination with the same identifier (name{page.1}) has
 been already used, duplicate ignored
<to be read again> 
                   \relax 
l.61 \end{folhadeaprovacao}
                            [1



] [2

] [3

] (tcc.lof
LaTeX Font Info:    Try loading font information for T1+lmtt on input line 9.

("C:\Users\Igor\AppData\Local\Programs\MiKTeX 2.9\tex\latex\lm\t1lmtt.fd"
File: t1lmtt.fd 2009/10/30 v1.6 Font defs for Latin Modern
))
[4

] (tcc.lot) [5

] (tcc.lol) [6


] [7


] (tcc.toc
LaTeX Font Info:    Font shape `T1/lmss/bx/it' in size <12> not available
(Font)              Font shape `T1/lmss/bx/sl' tried instead on input line 27.
 [8

] [9]) [10] [11


]
LaTeX Font Info:    Try loading font information for OMS+lmr on input line 187.


("C:\Users\Igor\AppData\Local\Programs\MiKTeX 2.9\tex\latex\lm\omslmr.fd"
File: omslmr.fd 2009/10/30 v1.6 Font defs for Latin Modern
)
LaTeX Font Info:    Font shape `OMS/lmr/m/n' in size <12> not available
(Font)              Font shape `OMS/lmsy/m/n' tried instead on input line 187.
<imagens/cronograma.png, id=322, 741.77126pt x 915.42pt>
File: imagens/cronograma.png Graphic file (type png)
<use imagens/cronograma.png>
Package pdftex.def Info: imagens/cronograma.png  used on input line 223.
(pdftex.def)             Requested size: 289.07999pt x 356.76094pt.

[12] [13pdfTeX warning (ext4): destination with the same identifier (name{figur
e.1.1}) has been already used, duplicate ignored

\AtBegShi@Output ...ipout \box \AtBeginShipoutBox 
                                                  \fi \fi 
l.230 \chapter
              {Revis√£o Bibliogr√°fica} <./imagens/cronograma.png>] [14

]
[15] [16] [17]
Underfull \hbox (badness 10000) in paragraph at lines 304--305

 []


Underfull \hbox (badness 10000) in paragraph at lines 307--308

 []


Underfull \hbox (badness 10000) in paragraph at lines 310--311

 []


Underfull \hbox (badness 10000) in paragraph at lines 312--313

 []


Underfull \hbox (badness 10000) in paragraph at lines 314--315

 []

[18

]
LaTeX Font Info:    Font shape `T1/lmss/m/it' in size <24.88> not available
(Font)              Font shape `T1/lmss/m/sl' tried instead on input line 319.
<imagens/engine_layers.png, id=384, 1277.77374pt x 1710.39pt>
File: imagens/engine_layers.png Graphic file (type png)
<use imagens/engine_layers.png>
Package pdftex.def Info: imagens/engine_layers.png  used on input line 326.
(pdftex.def)             Requested size: 455.0pt x 609.05875pt.
 [19

]
LaTeX Font Info:    Font shape `T1/lmss/m/it' in size <17.28> not available
(Font)              Font shape `T1/lmss/m/sl' tried instead on input line 331.
 [20pdfTeX warning (ext4): destination with the same identifier (name{figure.4.
2}) has been already used, duplicate ignored

\AtBegShi@Output ...ipout \box \AtBeginShipoutBox 
                                                  \fi \fi 
l.333 
       <./imagens/engine_layers.png>]
Package hyperref Info: bookmark level for unknown lstlisting defaults to 0 on i
nput line 336.
LaTeX Font Info:    Font shape `T1/lmtt/bx/n' in size <10.95> not available
(Font)              Font shape `T1/lmtt/b/n' tried instead on input line 337.
<imagens/ilu1_small.png, id=402, 104.91196pt x 41.4348pt>
File: imagens/ilu1_small.png Graphic file (type png)
<use imagens/ilu1_small.png>
Package pdftex.def Info: imagens/ilu1_small.png  used on input line 349.
(pdftex.def)             Requested size: 455.0pt x 179.71063pt.
 [21pdfTeX warning (ext4): destination with the same identifier (name{figure.4.
3}) has been already used, duplicate ignored

\AtBegShi@Output ...ipout \box \AtBeginShipoutBox 
                                                  \fi \fi 
l.358 
       <./imagens/ilu1_small.png (PNG copy)>] [22]
<imagens/ilu2_small.png, id=423, 94.31235pt x 46.0119pt>
File: imagens/ilu2_small.png Graphic file (type png)
<use imagens/ilu2_small.png>
Package pdftex.def Info: imagens/ilu2_small.png  used on input line 383.
(pdftex.def)             Requested size: 455.0pt x 222.05162pt.
 [23pdfTeX warning (ext4): destination with the same identifier (name{figure.4.
4}) has been already used, duplicate ignored

\AtBegShi@Output ...ipout \box \AtBeginShipoutBox 
                                                  \fi \fi 
l.396 	dt 
          = currentFrame - lastFrame; <./imagens/ilu2_small.png (PNG copy)>]
<imagens/ilu3_small.png, id=437, 96.72134pt x 44.8074pt>
File: imagens/ilu3_small.png Graphic file (type png)
<use imagens/ilu3_small.png>
Package pdftex.def Info: imagens/ilu3_small.png  used on input line 406.
(pdftex.def)             Requested size: 455.0pt x 210.78961pt.
<imagens/ilu4_small.png, id=438, 99.9735pt x 43.48245pt>
File: imagens/ilu4_small.png Graphic file (type png)
<use imagens/ilu4_small.png>
Package pdftex.def Info: imagens/ilu4_small.png  used on input line 413.
(pdftex.def)             Requested size: 455.0pt x 197.90643pt.

[24pdfTeX warning (ext4): destination with the same identifier (name{figure.4.5
}) has been already used, duplicate ignored

\AtBegShi@Output ...ipout \box \AtBeginShipoutBox 
                                                  \fi \fi 
l.416  N
        √£o s√≥ isso, mas um timestep vari√°vel traz toda uma complica√ß√£o ...
 <./imagens/ilu3_small.png (PNG copy)>] [25pdfTeX warning (ext4): destination w
ith the same identifier (name{figure.4.6}) has been already used, duplicate ign
ored

\AtBegShi@Output ...ipout \box \AtBeginShipoutBox 
                                                  \fi \fi 
l.437     	update(
                  dt); <./imagens/ilu4_small.png (PNG copy)>]
<imagens/ilu6_small.png, id=471, 97.0827pt x 44.68695pt>
File: imagens/ilu6_small.png Graphic file (type png)
<use imagens/ilu6_small.png>
Package pdftex.def Info: imagens/ilu6_small.png  used on input line 449.
(pdftex.def)             Requested size: 455.0pt x 209.47836pt.
<imagens/ilu8_small.png, id=472, 85.7604pt x 50.589pt>
File: imagens/ilu8_small.png Graphic file (type png)
<use imagens/ilu8_small.png>
Package pdftex.def Info: imagens/ilu8_small.png  used on input line 455.
(pdftex.def)             Requested size: 455.0pt x 268.43068pt.
 [26pdfTeX warning (ext4): destination with the same identifier (name{figure.4.
7}) has been already used, duplicate ignored

\AtBegShi@Output ...ipout \box \AtBeginShipoutBox 
                                                  \fi \fi 
l.458 
       <./imagens/ilu6_small.png (PNG copy)>]
<imagens/ilu7_small.png, id=489, 88.28986pt x 49.1436pt>
File: imagens/ilu7_small.png Graphic file (type png)
<use imagens/ilu7_small.png>
Package pdftex.def Info: imagens/ilu7_small.png  used on input line 467.
(pdftex.def)             Requested size: 455.0pt x 253.28424pt.
 [27pdfTeX warning (ext4): destination with the same identifier (name{figure.4.
8}) has been already used, duplicate ignored

\AtBegShi@Output ...ipout \box \AtBeginShipoutBox 
                                                  \fi \fi 
l.470 \end{figure}
                   <./imagens/ilu8_small.png (PNG copy)>]
<imagens/ilu5_small.png, id=494, 98.40765pt x 44.0847pt>
File: imagens/ilu5_small.png Graphic file (type png)
<use imagens/ilu5_small.png>
Package pdftex.def Info: imagens/ilu5_small.png  used on input line 473.
(pdftex.def)             Requested size: 455.0pt x 203.83333pt.
 [28pdfTeX warning (ext4): destination with the same identifier (name{figure.4.
9}) has been already used, duplicate ignored

\AtBegShi@Output ...ipout \box \AtBeginShipoutBox 
                                                  \fi \fi 
l.480 ...mestep semi-fixo e interpola√ß√£o linear]
                                                  pdfTeX warning (ext4): destin
ation with the same identifier (name{figure.4.10}) has been already used, dupli
cate ignored

\AtBegShi@Output ...ipout \box \AtBeginShipoutBox 
                                                  \fi \fi 
l.480 ...mestep semi-fixo e interpola√ß√£o linear]
                                                   <./imagens/ilu7_small.png (P
NG copy)> <./imagens/ilu5_small.png (PNG copy)>]
Overfull \hbox (5.0023pt too wide) in paragraph at lines 508--509
[]$\OML/lmm/m/it/12 renderPosition$ \T1/lmr/m/n/12 = $\OML/lmm/m/it/12 currentP
osition \OMS/lmsy/m/n/12  \OML/lmm/m/it/12 interpolationFactor$ \T1/lmr/m/n/12
 + $\OML/lmm/m/it/12 previousPosition \OMS/lmsy/m/n/12 
 []

[29] [30]
Underfull \hbox (badness 10000) in paragraph at lines 561--563
\T1/lmtt/m/n/12 share) \T1/lmr/m/n/12 e usa-se o id re-tor-nado para torn·-lo c
on-texto vi-gente com
 []

[31]
<imagens/openglpipeline.png, id=581, 1254.6875pt x 220.825pt>
File: imagens/openglpipeline.png Graphic file (type png)
<use imagens/openglpipeline.png>
Package pdftex.def Info: imagens/openglpipeline.png  used on input line 591.
(pdftex.def)             Requested size: 455.0pt x 80.07985pt.
 [32]
Underfull \hbox (badness 1442) in paragraph at lines 610--611
\T1/lmr/m/n/12 rio ge-rar o ID do VAO e VBO cha-mando as fun-Áıes \T1/lmtt/m/n/
12 glGenVertexArrays() \T1/lmr/m/n/12 e
 []

[33pdfTeX warning (ext4): destination with the same identifier (name{figure.4.1
1}) has been already used, duplicate ignored

\AtBegShi@Output ...ipout \box \AtBeginShipoutBox 
                                                  \fi \fi 
l.611 
       <./imagens/openglpipeline.png>] [34]
<imagens/tringulosCompondoQuad.png, id=623, 24.3309pt x 19.87425pt>
File: imagens/tringulosCompondoQuad.png Graphic file (type png)
<use imagens/tringulosCompondoQuad.png>
Package pdftex.def Info: imagens/tringulosCompondoQuad.png  used on input line 
643.
(pdftex.def)             Requested size: 281.99597pt x 230.51677pt.
 [35pdfTeX warning (ext4): destination with the same identifier (name{figure.4.
12}) has been already used, duplicate ignored

\AtBegShi@Output ...ipout \box \AtBeginShipoutBox 
                                                  \fi \fi 
l.660 
       <./imagens/tringulosCompondoQuad.png>] [36]
<imagens/helloShader.png, id=655, 1302.8675pt x 763.85374pt>
File: imagens/helloShader.png Graphic file (type png)
<use imagens/helloShader.png>
Package pdftex.def Info: imagens/helloShader.png  used on input line 699.
(pdftex.def)             Requested size: 455.0pt x 266.75838pt.

Underfull \hbox (badness 10000) in paragraph at lines 704--705
\T1/lmtt/m/n/12 GL_VERTEX_SHADER\T1/lmr/m/n/12 , \T1/lmtt/m/n/12 GL_TESS_CONTRO
L_SHADER\T1/lmr/m/n/12 ,
 []

[37pdfTeX warning (ext4): destination with the same identifier (name{figure.4.1
3}) has been already used, duplicate ignored

\AtBegShi@Output ...ipout \box \AtBeginShipoutBox 
                                                  \fi \fi 
l.705 
       <./imagens/helloShader.png>]
Overfull \hbox (37.88474pt too wide) in paragraph at lines 739--741
\T1/lmtt/m/n/12 variableName), value)\T1/lmr/m/n/12 , para um ve-tor de 3 flo-a
ts usa-se \T1/lmtt/m/n/12 glUniform3f(glGetUniformLocation
 []


Overfull \hbox (124.96037pt too wide) in paragraph at lines 739--741
\T1/lmtt/m/n/12 (programID,variableName), x, y, z)\T1/lmr/m/n/12 , para uma ma-
triz 4 por 4 \T1/lmtt/m/n/12 glUniformMatrix4fv(glGetUniformLocation
 []


Overfull \hbox (2.12067pt too wide) in paragraph at lines 739--741
\T1/lmtt/m/n/12 (programID,variableName), false, BufferUtilities.createFloatBuf
fer(m)) \T1/lmr/m/n/12 e as-
 []

[38] [39] [40] [41] [42] [43]
<imagens/sistema_rgba_argb.png, id=880, 246.9225pt x 179.67125pt>
File: imagens/sistema_rgba_argb.png Graphic file (type png)
<use imagens/sistema_rgba_argb.png>
Package pdftex.def Info: imagens/sistema_rgba_argb.png  used on input line 936.

(pdftex.def)             Requested size: 234.99664pt x 170.99101pt.
 [44]
<imagens/extracting_rgb_channel.png, id=901, 348.30125pt x 135.50626pt>
File: imagens/extracting_rgb_channel.png Graphic file (type png)
<use imagens/extracting_rgb_channel.png>
Package pdftex.def Info: imagens/extracting_rgb_channel.png  used on input line
 944.
(pdftex.def)             Requested size: 258.4963pt x 100.57285pt.
<imagens/wrap_modes.png, id=902, 1405.25pt x 401.5pt>
File: imagens/wrap_modes.png Graphic file (type png)
<use imagens/wrap_modes.png>
Package pdftex.def Info: imagens/wrap_modes.png  used on input line 951.
(pdftex.def)             Requested size: 455.0pt x 130.00195pt.

Overfull \hbox (10.77768pt too wide) in paragraph at lines 948--953
\T1/lmr/m/n/12 tes de qual-quer ope-ra-Á„o na tex-tura vincula-se ela como atua
l usando \T1/lmtt/m/n/12 glBindTexture(type,
 []

[45pdfTeX warning (ext4): destination with the same identifier (name{figure.4.1
4}) has been already used, duplicate ignored

\AtBegShi@Output ...ipout \box \AtBeginShipoutBox 
                                                  \fi \fi 
l.954 E
       sses modos s√£o configurados atrav√©s da fun√ß√£o \texttt{glTexParame...
pdfTeX warning (ext4): destination with the same identifier (name{figure.4.15})
 has been already used, duplicate ignored

\AtBegShi@Output ...ipout \box \AtBeginShipoutBox 
                                                  \fi \fi 
l.954 E
       sses modos s√£o configurados atrav√©s da fun√ß√£o \texttt{glTexParame...
 <./imagens/sistema_rgba_argb.png> <./imagens/extracting_rgb_channel.png>]
Overfull \hbox (8.40543pt too wide) in paragraph at lines 954--955
[]\T1/lmr/m/n/12 Esses mo-dos s„o con-fi-gu-ra-dos atra-vÈs da fun-Á„o \T1/lmtt
/m/n/12 glTexParameteri(GL_TEXTURE_2D,
 []

<imagens/gl_filters.png, id=908, 206.7725pt x 48.18pt>
File: imagens/gl_filters.png Graphic file (type png)
<use imagens/gl_filters.png>
Package pdftex.def Info: imagens/gl_filters.png  used on input line 962.
(pdftex.def)             Requested size: 422.99396pt x 98.57182pt.

Overfull \hbox (29.64638pt too wide) in paragraph at lines 968--969
\T1/lmr/m/n/12 da-dos da ima-gem pro-pri-a-mente dita para o OpenGL. Isso È fei
to na fun-Á„o \T1/lmtt/m/n/12 glTexImage2D(type,
 []


Overfull \hbox (73.13925pt too wide) in paragraph at lines 968--969
\T1/lmtt/m/n/12 mipmap_level, internal_format, width, height, border, color_for
mat, type, bytebuffer)\T1/lmr/m/n/12 . 
 []

[46pdfTeX warning (ext4): destination with the same identifier (name{figure.4.1
6}) has been already used, duplicate ignored

\AtBegShi@Output ...ipout \box \AtBeginShipoutBox 
                                                  \fi \fi 
l.970 \subsection
                 {Anima√ß√µes}pdfTeX warning (ext4): destination with the same 
identifier (name{figure.4.17}) has been already used, duplicate ignored

\AtBegShi@Output ...ipout \box \AtBeginShipoutBox 
                                                  \fi \fi 
l.970 \subsection
                 {Anima√ß√µes} <./imagens/wrap_modes.png> <./imagens/gl_filters
.png>]
<imagens/spritesheet.png, id=913, 159.59625pt x 94.3525pt>
File: imagens/spritesheet.png Graphic file (type png)
<use imagens/spritesheet.png>
Package pdftex.def Info: imagens/spritesheet.png  used on input line 975.
(pdftex.def)             Requested size: 187.99731pt x 111.14348pt.
 [47pdfTeX warning (ext4): destination with the same identifier (name{figure.4.
18}) has been already used, duplicate ignored

\AtBegShi@Output ...ipout \box \AtBeginShipoutBox 
                                                  \fi \fi 
l.998 	tCoords 
               *= spriteFrame.zw; <./imagens/spritesheet.png>] [48] [49]
[50] [51]
Overfull \hbox (6.38826pt too wide) in paragraph at lines 1133--1134
[]\T1/lmr/m/n/12 Para fins de in-tro-du-Á„o ao con-ceito e abs-tra-Á„o do pro-c
esso de ren-de-ri-za-Á„o abordou-
 []

[52] [53]
<imagens/aabbaabb.png, id=1023, 202.7575pt x 117.43875pt>
File: imagens/aabbaabb.png Graphic file (type png)
<use imagens/aabbaabb.png>
Package pdftex.def Info: imagens/aabbaabb.png  used on input line 1204.
(pdftex.def)             Requested size: 187.99731pt x 108.89255pt.
 [54] [55pdfTeX warning (ext4): destination with the same identifier (name{figu
re.4.19}) has been already used, duplicate ignored

\AtBegShi@Output ...ipout \box \AtBeginShipoutBox 
                                                  \fi \fi 
l.1226 
        <./imagens/aabbaabb.png>] [56]
<imagens/mecanica_caca.png, id=1063, 602.25pt x 400.49625pt>
File: imagens/mecanica_caca.png Graphic file (type png)
<use imagens/mecanica_caca.png>
Package pdftex.def Info: imagens/mecanica_caca.png  used on input line 1243.
(pdftex.def)             Requested size: 289.07999pt x 192.24213pt.
<imagens/mecanica_armadilha.png, id=1064, 602.25pt x 400.49625pt>
File: imagens/mecanica_armadilha.png Graphic file (type png)
<use imagens/mecanica_armadilha.png>
Package pdftex.def Info: imagens/mecanica_armadilha.png  used on input line 125
8.
(pdftex.def)             Requested size: 289.07999pt x 192.24213pt.
 [57

pdfTeX warning (ext4): destination with the same identifier (name{figure.5.20})
 has been already used, duplicate ignored

\AtBegShi@Output ...ipout \box \AtBeginShipoutBox 
                                                  \fi \fi 
l.1261 O
         sistema de armadilhas √© dado pelo seguinte fluxo de a√ß√µes: <./image
ns/mecanica_caca.png>]
<imagens/mecanica_cantar.png, id=1073, 602.25pt x 400.49625pt>
File: imagens/mecanica_cantar.png Graphic file (type png)
<use imagens/mecanica_cantar.png>
Package pdftex.def Info: imagens/mecanica_cantar.png  used on input line 1279.
(pdftex.def)             Requested size: 289.07999pt x 192.24213pt.
<imagens/mecanica_cantar2.png, id=1074, 602.25pt x 400.49625pt>
File: imagens/mecanica_cantar2.png Graphic file (type png)
<use imagens/mecanica_cantar2.png>
Package pdftex.def Info: imagens/mecanica_cantar2.png  used on input line 1284.

(pdftex.def)             Requested size: 289.07999pt x 192.24213pt.
 [58pdfTeX warning (ext4): destination with the same identifier (name{figure.5.
21}) has been already used, duplicate ignored

\AtBegShi@Output ...ipout \box \AtBeginShipoutBox 
                                                  \fi \fi 
l.1286 \end{figure}
                    <./imagens/mecanica_armadilha.png>]
<imagens/mecanica_compormusica.png, id=1081, 602.25pt x 400.49625pt>
File: imagens/mecanica_compormusica.png Graphic file (type png)
<use imagens/mecanica_compormusica.png>
Package pdftex.def Info: imagens/mecanica_compormusica.png  used on input line 
1294.
(pdftex.def)             Requested size: 289.07999pt x 192.24213pt.
 [59pdfTeX warning (ext4): destination with the same identifier (name{figure.5.
22}) has been already used, duplicate ignored

\AtBegShi@Output ...ipout \box \AtBeginShipoutBox 
                                                  \fi \fi 
l.1297 A
        SD.pdfTeX warning (ext4): destination with the same identifier (name{fi
gure.5.23}) has been already used, duplicate ignored

\AtBegShi@Output ...ipout \box \AtBeginShipoutBox 
                                                  \fi \fi 
l.1297 A
        SD. <./imagens/mecanica_cantar.png> <./imagens/mecanica_cantar2.png>]
[60pdfTeX warning (ext4): destination with the same identifier (name{figure.5.2
4}) has been already used, duplicate ignored

\AtBegShi@Output ...ipout \box \AtBeginShipoutBox 
                                                  \fi \fi 
l.1319 \chapter
               {Experimentos e resultados} <./imagens/mecanica_compormusica.png
>] [61] [62

] (tcc.bbl (tcc.brf)
\tf@brf=\write5
\openout5 = `tcc.brf'.

 [63

]

Package hyperref Warning: Token not allowed in a PDF string (PDFDocEncoding):
(hyperref)                removing `\uppercase' on input line 3.

bibitemlist
)
No file tcc.ind.

AED: lastpage setting LastPage
[64

]
\tf@lof=\write6
\openout6 = `tcc.lof'.

\tf@lot=\write7
\openout7 = `tcc.lot'.

\tf@lol=\write8
\openout8 = `tcc.lol'.

\tf@toc=\write9
\openout9 = `tcc.toc'.

Package atveryend Info: Empty hook `BeforeClearDocument' on input line 1421.
Package atveryend Info: Empty hook `AfterLastShipout' on input line 1421.
 (tcc.aux)
Package atveryend Info: Executing hook `AtVeryEndDocument' on input line 1421.
Package atveryend Info: Executing hook `AtEndAfterFileList' on input line 1421.



Package rerunfilecheck Warning: File `tcc.brf' has changed.
(rerunfilecheck)                Rerun to get bibliographical references right.

Package rerunfilecheck Info: Checksums for `tcc.brf':
(rerunfilecheck)             Before: 6379ABA7BD5F2E6E8CFD9E91AEFC9AE0;1210
(rerunfilecheck)             After:  CE360C525E1731BAE0584033A5F8F61B;1210.

LaTeX Warning: Label(s) may have changed. Rerun to get cross-references right.

Package atveryend Info: Empty hook `AtVeryVeryEnd' on input line 1421.
 ) 
Here is how much of TeX's memory you used:
 16267 strings out of 492973
 237304 string characters out of 3127135
 748363 words of memory out of 3000000
 19130 multiletter control sequences out of 15000+200000
 73872 words of font info for 55 fonts, out of 3000000 for 9000
 1141 hyphenation exceptions out of 8191
 44i,12n,45p,1734b,1886s stack positions out of 5000i,500n,10000p,200000b,50000s
{C:/Users/Igor/AppData/Local/Programs/MiKTeX 2.9/fonts/enc/dvips/lm/lm-mathit
.enc}{C:/Users/Igor/AppData/Local/Programs/MiKTeX 2.9/fonts/enc/dvips/lm/lm-mat
hex.enc}{C:/Users/Igor/AppData/Local/Programs/MiKTeX 2.9/fonts/enc/dvips/lm/lm-
rm.enc}{C:/Users/Igor/AppData/Local/Programs/MiKTeX 2.9/fonts/enc/dvips/lm/lm-e
c.enc}{C:/Users/Igor/AppData/Local/Programs/MiKTeX 2.9/fonts/enc/dvips/lm/lm-ma
thsy.enc}<C:/Users/Igor/AppData/Local/Programs/MiKTeX 2.9/fonts/type1/public/lm
/lmbx10.pfb><C:/Users/Igor/AppData/Local/Programs/MiKTeX 2.9/fonts/type1/public
/lm/lmbx12.pfb><C:/Users/Igor/AppData/Local/Programs/MiKTeX 2.9/fonts/type1/pub
lic/lm/lmex10.pfb><C:/Users/Igor/AppData/Local/Programs/MiKTeX 2.9/fonts/type1/
public/lm/lmmi12.pfb><C:/Users/Igor/AppData/Local/Programs/MiKTeX 2.9/fonts/typ
e1/public/lm/lmmi8.pfb><C:/Users/Igor/AppData/Local/Programs/MiKTeX 2.9/fonts/t
ype1/public/lm/lmr12.pfb><C:/Users/Igor/AppData/Local/Programs/MiKTeX 2.9/fonts
/type1/public/lm/lmr8.pfb><C:/Users/Igor/AppData/Local/Programs/MiKTeX 2.9/font
s/type1/public/lm/lmri12.pfb><C:/Users/Igor/AppData/Local/Programs/MiKTeX 2.9/f
onts/type1/public/lm/lmss10.pfb><C:/Users/Igor/AppData/Local/Programs/MiKTeX 2.
9/fonts/type1/public/lm/lmss12.pfb><C:/Users/Igor/AppData/Local/Programs/MiKTeX
 2.9/fonts/type1/public/lm/lmss17.pfb><C:/Users/Igor/AppData/Local/Programs/MiK
TeX 2.9/fonts/type1/public/lm/lmssbo10.pfb><C:/Users/Igor/AppData/Local/Program
s/MiKTeX 2.9/fonts/type1/public/lm/lmssbx10.pfb><C:/Users/Igor/AppData/Local/Pr
ograms/MiKTeX 2.9/fonts/type1/public/lm/lmsso17.pfb><C:/Users/Igor/AppData/Loca
l/Programs/MiKTeX 2.9/fonts/type1/public/lm/lmsy10.pfb><C:/Users/Igor/AppData/L
ocal/Programs/MiKTeX 2.9/fonts/type1/public/lm/lmtk10.pfb><C:/Users/Igor/AppDat
a/Local/Programs/MiKTeX 2.9/fonts/type1/public/lm/lmtt10.pfb><C:/Users/Igor/App
Data/Local/Programs/MiKTeX 2.9/fonts/type1/public/lm/lmtt12.pfb>
Output written on tcc.pdf (65 pages, 2176591 bytes).
PDF statistics:
 1593 PDF objects out of 1728 (max. 8388607)
 678 named destinations out of 1000 (max. 500000)
 789 words of extra memory for PDF output out of 10000 (max. 10000000)

